<?xml version="1.0" encoding="utf-8"?>
<CoverageSession xmlns:xsd="http://www.w3.org/2001/XMLSchema" xmlns:xsi="http://www.w3.org/2001/XMLSchema-instance">
  <Summary numSequencePoints="53" visitedSequencePoints="34" numBranchPoints="24" visitedBranchPoints="14" sequenceCoverage="64.15" branchCoverage="58.33" maxCyclomaticComplexity="6" minCyclomaticComplexity="1" visitedClasses="3" numClasses="4" visitedMethods="7" numMethods="12" />
  <Modules>
    <Module skippedDueTo="Filter" hash="F4-33-49-73-62-46-81-15-AC-00-38-F3-28-E9-69-3E-B6-DB-33-90">
      <FullName>C:\WINDOWS\assembly\GAC_64\mscorlib\2.0.0.0__b77a5c561934e089\mscorlib.dll</FullName>
      <ModuleName>mscorlib</ModuleName>
      <Classes />
    </Module>
    <Module skippedDueTo="Filter" hash="F9-04-A8-31-CD-FB-23-72-95-63-5D-14-9A-A0-66-8E-7F-44-93-7A">
      <FullName>C:\WINDOWS\assembly\GAC_64\mscorlib\2.0.0.0__b77a5c561934e089\sorttbls.nlp</FullName>
      <ModuleName>mscorlib</ModuleName>
      <Classes />
    </Module>
    <Module skippedDueTo="MissingPdb" hash="9F-C3-2E-51-B5-EB-69-B9-60-21-42-1F-17-25-12-07-16-11-20-50">
      <FullName>C:\Users\Kyle\Documents\GitHub\kwsqa-2015-09\CsvToJsonConverter\packages\NUnit.Runners.2.6.4\tools\nunit-console.exe</FullName>
      <ModuleName>nunit-console</ModuleName>
      <Classes />
    </Module>
    <Module skippedDueTo="MissingPdb" hash="F2-ED-FF-09-01-C9-D7-BC-29-AC-A6-93-C5-97-8A-0D-43-DD-8D-F2">
      <FullName>C:\Users\Kyle\Documents\GitHub\kwsqa-2015-09\CsvToJsonConverter\packages\NUnit.Runners.2.6.4\tools\lib\nunit-console-runner.dll</FullName>
      <ModuleName>nunit-console-runner</ModuleName>
      <Classes />
    </Module>
    <Module skippedDueTo="MissingPdb" hash="36-B9-FF-C0-07-EA-59-4D-23-2E-FD-CD-5A-45-CF-C0-2C-42-2A-98">
      <FullName>C:\Users\Kyle\Documents\GitHub\kwsqa-2015-09\CsvToJsonConverter\packages\NUnit.Runners.2.6.4\tools\lib\nunit.core.dll</FullName>
      <ModuleName>nunit.core</ModuleName>
      <Classes />
    </Module>
    <Module skippedDueTo="MissingPdb" hash="14-C3-4B-3E-39-7A-EE-C0-B9-2F-83-44-2F-04-8A-F7-48-7B-67-DE">
      <FullName>C:\Users\Kyle\Documents\GitHub\kwsqa-2015-09\CsvToJsonConverter\packages\NUnit.Runners.2.6.4\tools\lib\nunit.util.dll</FullName>
      <ModuleName>nunit.util</ModuleName>
      <Classes />
    </Module>
    <Module skippedDueTo="MissingPdb" hash="5E-95-A6-AD-88-48-98-B1-62-7F-4E-5A-C1-0E-F3-B7-85-56-44-E8">
      <FullName>C:\Users\Kyle\Documents\GitHub\kwsqa-2015-09\CsvToJsonConverter\packages\NUnit.Runners.2.6.4\tools\lib\nunit.core.interfaces.dll</FullName>
      <ModuleName>nunit.core.interfaces</ModuleName>
      <Classes />
    </Module>
    <Module skippedDueTo="Filter" hash="6E-30-2E-50-36-FB-60-2C-8E-50-C0-83-54-8B-CC-EA-A8-91-B6-CC">
      <FullName>C:\WINDOWS\assembly\GAC_64\mscorlib\2.0.0.0__b77a5c561934e089\sortkey.nlp</FullName>
      <ModuleName>mscorlib</ModuleName>
      <Classes />
    </Module>
    <Module skippedDueTo="Filter" hash="0F-82-09-6F-47-14-D9-A3-3B-F8-57-B9-B1-A6-46-3B-2A-2B-E9-CD">
      <FullName>C:\WINDOWS\assembly\GAC_MSIL\System.Configuration\2.0.0.0__b03f5f7f11d50a3a\System.Configuration.dll</FullName>
      <ModuleName>System.Configuration</ModuleName>
      <Classes />
    </Module>
    <Module skippedDueTo="Filter" hash="EA-92-38-5E-9D-EA-8A-E7-BE-16-8C-F4-09-EC-40-CC-43-49-4B-15">
      <FullName>C:\WINDOWS\assembly\GAC_MSIL\System\2.0.0.0__b77a5c561934e089\System.dll</FullName>
      <ModuleName>System</ModuleName>
      <Classes />
    </Module>
    <Module skippedDueTo="Filter" hash="E1-8C-D8-8A-50-BD-6D-E3-9B-47-F0-39-BE-8E-D1-2B-CF-25-89-2B">
      <FullName>C:\WINDOWS\assembly\GAC_MSIL\System.Xml\2.0.0.0__b77a5c561934e089\System.Xml.dll</FullName>
      <ModuleName>System.Xml</ModuleName>
      <Classes />
    </Module>
    <Module skippedDueTo="Filter" hash="16-C7-8D-BC-66-9E-99-9D-FA-F1-6B-E6-CD-B5-00-D9-FF-42-73-DC">
      <FullName>C:\WINDOWS\assembly\GAC_MSIL\System.Runtime.Remoting\2.0.0.0__b77a5c561934e089\System.Runtime.Remoting.dll</FullName>
      <ModuleName>System.Runtime.Remoting</ModuleName>
      <Classes />
    </Module>
    <Module skippedDueTo="Filter" hash="8E-32-16-9A-76-2A-A6-69-84-23-E7-BD-A1-CE-EE-5C-72-47-82-78">
      <FullName>C:\WINDOWS\Microsoft.Net\assembly\GAC_64\mscorlib\v4.0_4.0.0.0__b77a5c561934e089\mscorlib.dll</FullName>
      <ModuleName>mscorlib</ModuleName>
      <Classes />
    </Module>
    <Module skippedDueTo="MissingPdb" hash="E8-07-A4-A1-06-33-5B-A6-17-CF-DC-6F-28-47-58-85-D6-9F-6B-46">
      <FullName>C:\Users\Kyle\Documents\GitHub\kwsqa-2015-09\CsvToJsonConverter\packages\NUnit.Runners.2.6.4\tools\nunit-agent.exe</FullName>
      <ModuleName>nunit-agent</ModuleName>
      <Classes />
    </Module>
    <Module skippedDueTo="MissingPdb" hash="36-B9-FF-C0-07-EA-59-4D-23-2E-FD-CD-5A-45-CF-C0-2C-42-2A-98">
      <FullName>C:\Users\Kyle\Documents\GitHub\kwsqa-2015-09\CsvToJsonConverter\packages\NUnit.Runners.2.6.4\tools\lib\nunit.core.dll</FullName>
      <ModuleName>nunit.core</ModuleName>
      <Classes />
    </Module>
    <Module skippedDueTo="MissingPdb" hash="14-C3-4B-3E-39-7A-EE-C0-B9-2F-83-44-2F-04-8A-F7-48-7B-67-DE">
      <FullName>C:\Users\Kyle\Documents\GitHub\kwsqa-2015-09\CsvToJsonConverter\packages\NUnit.Runners.2.6.4\tools\lib\nunit.util.dll</FullName>
      <ModuleName>nunit.util</ModuleName>
      <Classes />
    </Module>
    <Module skippedDueTo="MissingPdb" hash="5E-95-A6-AD-88-48-98-B1-62-7F-4E-5A-C1-0E-F3-B7-85-56-44-E8">
      <FullName>C:\Users\Kyle\Documents\GitHub\kwsqa-2015-09\CsvToJsonConverter\packages\NUnit.Runners.2.6.4\tools\lib\nunit.core.interfaces.dll</FullName>
      <ModuleName>nunit.core.interfaces</ModuleName>
      <Classes />
    </Module>
    <Module skippedDueTo="Filter" hash="56-78-FC-2A-D1-E9-92-34-51-52-EB-C3-D0-DC-F7-11-27-76-72-E4">
      <FullName>C:\WINDOWS\Microsoft.Net\assembly\GAC_MSIL\System\v4.0_4.0.0.0__b77a5c561934e089\System.dll</FullName>
      <ModuleName>System</ModuleName>
      <Classes />
    </Module>
    <Module skippedDueTo="Filter" hash="3E-C4-6D-26-F3-07-93-45-B2-C1-FE-00-DA-ED-07-22-5F-A8-E6-93">
      <FullName>C:\WINDOWS\Microsoft.Net\assembly\GAC_MSIL\System.Runtime.Remoting\v4.0_4.0.0.0__b77a5c561934e089\System.Runtime.Remoting.dll</FullName>
      <ModuleName>System.Runtime.Remoting</ModuleName>
      <Classes />
    </Module>
    <Module skippedDueTo="Filter" hash="35-E9-46-2A-74-7E-97-F3-30-6A-54-64-87-BC-30-0C-76-42-05-6B">
      <FullName>C:\WINDOWS\Microsoft.Net\assembly\GAC_MSIL\System.Configuration\v4.0_4.0.0.0__b03f5f7f11d50a3a\System.Configuration.dll</FullName>
      <ModuleName>System.Configuration</ModuleName>
      <Classes />
    </Module>
    <Module skippedDueTo="Filter" hash="75-21-73-F7-19-DB-C9-14-68-D8-F2-4C-82-EF-EA-8D-7F-C1-16-47">
      <FullName>C:\WINDOWS\Microsoft.Net\assembly\GAC_MSIL\System.Xml\v4.0_4.0.0.0__b77a5c561934e089\System.Xml.dll</FullName>
      <ModuleName>System.Xml</ModuleName>
      <Classes />
    </Module>
    <Module skippedDueTo="Filter" hash="45-11-33-2A-B7-8F-35-95-F2-0F-87-8D-EC-64-65-44-B0-1D-9F-B5">
      <FullName>C:\WINDOWS\Microsoft.Net\assembly\GAC_64\System.Web\v4.0_4.0.0.0__b03f5f7f11d50a3a\System.Web.dll</FullName>
      <ModuleName>System.Web</ModuleName>
      <Classes />
    </Module>
    <Module skippedDueTo="Filter" hash="A8-1E-EE-10-62-31-AB-BB-C2-EC-A1-0B-3D-CE-48-EA-52-18-2B-3F">
      <FullName>C:\WINDOWS\assembly\GAC_64\System.Web\2.0.0.0__b03f5f7f11d50a3a\System.Web.dll</FullName>
      <ModuleName>System.Web</ModuleName>
      <Classes />
    </Module>
    <Module skippedDueTo="MissingPdb" hash="36-B9-FF-C0-07-EA-59-4D-23-2E-FD-CD-5A-45-CF-C0-2C-42-2A-98">
      <FullName>C:\Users\Kyle\Documents\GitHub\kwsqa-2015-09\CsvToJsonConverter\packages\NUnit.Runners.2.6.4\tools\lib\nunit.core.dll</FullName>
      <ModuleName>nunit.core</ModuleName>
      <Classes />
    </Module>
    <Module skippedDueTo="Filter" hash="56-78-FC-2A-D1-E9-92-34-51-52-EB-C3-D0-DC-F7-11-27-76-72-E4">
      <FullName>C:\WINDOWS\Microsoft.Net\assembly\GAC_MSIL\System\v4.0_4.0.0.0__b77a5c561934e089\System.dll</FullName>
      <ModuleName>System</ModuleName>
      <Classes />
    </Module>
    <Module skippedDueTo="MissingPdb" hash="53-25-23-C6-63-70-35-C6-0C-82-04-1A-0A-BF-1A-E7-1F-EA-74-A3">
      <FullName>C:\Users\Kyle\Documents\GitHub\kwsqa-2015-09\CsvToJsonConverter\packages\NUnit.Runners.2.6.4\tools\pnunit.framework.dll</FullName>
      <ModuleName>pnunit.framework</ModuleName>
      <Classes />
    </Module>
    <Module skippedDueTo="MissingPdb" hash="21-69-E9-47-C6-F8-02-12-31-E6-18-DE-8E-43-24-C9-AB-F7-C2-BE">
      <FullName>C:\Users\Kyle\Documents\GitHub\kwsqa-2015-09\CsvToJsonConverter\packages\NUnit.Runners.2.6.4\tools\pnunit-agent.exe</FullName>
      <ModuleName>pnunit-agent</ModuleName>
      <Classes />
    </Module>
    <Module skippedDueTo="MissingPdb" hash="5E-95-A6-AD-88-48-98-B1-62-7F-4E-5A-C1-0E-F3-B7-85-56-44-E8">
      <FullName>C:\Users\Kyle\Documents\GitHub\kwsqa-2015-09\CsvToJsonConverter\packages\NUnit.Runners.2.6.4\tools\lib\nunit.core.interfaces.dll</FullName>
      <ModuleName>nunit.core.interfaces</ModuleName>
      <Classes />
    </Module>
    <Module hash="07-2B-39-F0-B5-8E-8A-D6-10-FC-2C-BC-3D-C6-C0-BD-E4-EC-9C-AF">
      <Summary numSequencePoints="6" visitedSequencePoints="6" numBranchPoints="1" visitedBranchPoints="1" sequenceCoverage="100" branchCoverage="100" maxCyclomaticComplexity="1" minCyclomaticComplexity="1" visitedClasses="1" numClasses="1" visitedMethods="1" numMethods="1" />
      <FullName>C:\Users\Kyle\Documents\GitHub\kwsqa-2015-09\CsvToJsonConverter\CsvToJsonConverter.Tests\bin\Debug\CsvToJsonConverter.Tests.dll</FullName>
      <ModuleName>CsvToJsonConverter.Tests</ModuleName>
      <Files>
        <File uid="1" fullPath="C:\Users\Kyle\Documents\GitHub\kwsqa-2015-09\CsvToJsonConverter\CsvToJsonConverter.Tests\CsvReaderTests.cs" />
      </Files>
      <Classes>
        <Class>
          <Summary numSequencePoints="0" visitedSequencePoints="0" numBranchPoints="0" visitedBranchPoints="0" sequenceCoverage="0" branchCoverage="0" maxCyclomaticComplexity="0" minCyclomaticComplexity="0" visitedClasses="0" numClasses="0" visitedMethods="0" numMethods="0" />
          <FullName>&lt;Module&gt;</FullName>
          <Methods />
        </Class>
        <Class>
          <Summary numSequencePoints="6" visitedSequencePoints="6" numBranchPoints="1" visitedBranchPoints="1" sequenceCoverage="100" branchCoverage="100" maxCyclomaticComplexity="1" minCyclomaticComplexity="1" visitedClasses="1" numClasses="1" visitedMethods="1" numMethods="1" />
          <FullName>CsvToJsonConverter.Tests.CsvReaderTests</FullName>
          <Methods>
            <Method visited="true" cyclomaticComplexity="1" sequenceCoverage="100" branchCoverage="100" isConstructor="false" isStatic="false" isGetter="false" isSetter="false">
              <Summary numSequencePoints="6" visitedSequencePoints="6" numBranchPoints="1" visitedBranchPoints="1" sequenceCoverage="100" branchCoverage="100" maxCyclomaticComplexity="1" minCyclomaticComplexity="1" visitedClasses="0" numClasses="0" visitedMethods="1" numMethods="1" />
              <MetadataToken>100663297</MetadataToken>
              <Name>System.Void CsvToJsonConverter.Tests.CsvReaderTests::SomeTest()</Name>
              <FileRef uid="1" />
              <SequencePoints>
                <SequencePoint vc="1" uspid="1" ordinal="0" offset="0" sl="15" sc="9" el="15" ec="10" bec="0" bev="0" fileid="1" />
                <SequencePoint vc="1" uspid="2" ordinal="1" offset="1" sl="16" sc="13" el="16" ec="86" bec="0" bev="0" fileid="1" />
                <SequencePoint vc="1" uspid="3" ordinal="2" offset="17" sl="17" sc="13" el="17" ec="52" bec="0" bev="0" fileid="1" />
                <SequencePoint vc="1" uspid="4" ordinal="3" offset="24" sl="18" sc="13" el="18" ec="51" bec="0" bev="0" fileid="1" />
                <SequencePoint vc="1" uspid="5" ordinal="4" offset="31" sl="20" sc="13" el="20" ec="121" bec="0" bev="0" fileid="1" />
                <SequencePoint vc="1" uspid="6" ordinal="5" offset="51" sl="21" sc="9" el="21" ec="10" bec="0" bev="0" fileid="1" />
              </SequencePoints>
              <BranchPoints />
              <MethodPoint xsi:type="SequencePoint" vc="1" uspid="1" ordinal="0" offset="0" sl="15" sc="9" el="15" ec="10" bec="0" bev="0" fileid="1" />
            </Method>
            <Method visited="true" cyclomaticComplexity="1" sequenceCoverage="0" branchCoverage="0" isConstructor="true" isStatic="false" isGetter="false" isSetter="false">
              <Summary numSequencePoints="0" visitedSequencePoints="0" numBranchPoints="0" visitedBranchPoints="0" sequenceCoverage="0" branchCoverage="0" maxCyclomaticComplexity="1" minCyclomaticComplexity="1" visitedClasses="0" numClasses="0" visitedMethods="0" numMethods="0" />
              <MetadataToken>100663298</MetadataToken>
              <Name>System.Void CsvToJsonConverter.Tests.CsvReaderTests::.ctor()</Name>
              <SequencePoints />
              <BranchPoints />
              <MethodPoint vc="1" uspid="7" ordinal="0" offset="0" />
            </Method>
          </Methods>
        </Class>
      </Classes>
    </Module>
    <Module skippedDueTo="MissingPdb" hash="A2-D0-DB-C9-20-FB-37-90-D4-D6-25-E5-C4-7B-E0-42-CA-32-C0-51">
      <FullName>C:\Users\Kyle\Documents\GitHub\kwsqa-2015-09\CsvToJsonConverter\CsvToJsonConverter.Tests\bin\Debug\nunit.framework.dll</FullName>
      <ModuleName>nunit.framework</ModuleName>
      <Classes />
    </Module>
    <Module skippedDueTo="MissingPdb" hash="F2-ED-FF-09-01-C9-D7-BC-29-AC-A6-93-C5-97-8A-0D-43-DD-8D-F2">
      <FullName>C:\Users\Kyle\Documents\GitHub\kwsqa-2015-09\CsvToJsonConverter\packages\NUnit.Runners.2.6.4\tools\lib\nunit-console-runner.dll</FullName>
      <ModuleName>nunit-console-runner</ModuleName>
      <Classes />
    </Module>
    <Module skippedDueTo="Filter" hash="3E-C4-6D-26-F3-07-93-45-B2-C1-FE-00-DA-ED-07-22-5F-A8-E6-93">
      <FullName>C:\WINDOWS\Microsoft.Net\assembly\GAC_MSIL\System.Runtime.Remoting\v4.0_4.0.0.0__b77a5c561934e089\System.Runtime.Remoting.dll</FullName>
      <ModuleName>System.Runtime.Remoting</ModuleName>
      <Classes />
    </Module>
    <Module skippedDueTo="Filter" hash="35-E9-46-2A-74-7E-97-F3-30-6A-54-64-87-BC-30-0C-76-42-05-6B">
      <FullName>C:\WINDOWS\Microsoft.Net\assembly\GAC_MSIL\System.Configuration\v4.0_4.0.0.0__b03f5f7f11d50a3a\System.Configuration.dll</FullName>
      <ModuleName>System.Configuration</ModuleName>
      <Classes />
    </Module>
    <Module skippedDueTo="Filter" hash="75-21-73-F7-19-DB-C9-14-68-D8-F2-4C-82-EF-EA-8D-7F-C1-16-47">
      <FullName>C:\WINDOWS\Microsoft.Net\assembly\GAC_MSIL\System.Xml\v4.0_4.0.0.0__b77a5c561934e089\System.Xml.dll</FullName>
      <ModuleName>System.Xml</ModuleName>
      <Classes />
    </Module>
    <Module hash="AB-09-40-ED-64-8C-D9-2C-64-96-65-B5-F3-91-10-28-6D-DD-90-E0">
      <Summary numSequencePoints="47" visitedSequencePoints="28" numBranchPoints="23" visitedBranchPoints="13" sequenceCoverage="59.57" branchCoverage="56.52" maxCyclomaticComplexity="6" minCyclomaticComplexity="1" visitedClasses="2" numClasses="3" visitedMethods="6" numMethods="11" />
      <FullName>C:\Users\Kyle\Documents\GitHub\kwsqa-2015-09\CsvToJsonConverter\CsvToJsonConverter.Tests\bin\Debug\CsvToJsonConverter.exe</FullName>
      <ModuleName>CsvToJsonConverter</ModuleName>
      <Files>
        <File uid="3" fullPath="C:\Users\Kyle\Documents\GitHub\kwsqa-2015-09\CsvToJsonConverter\CsvToJsonConverter\CsvReader.cs" />
        <File uid="4" fullPath="C:\Users\Kyle\Documents\GitHub\kwsqa-2015-09\CsvToJsonConverter\CsvToJsonConverter\Program.cs" />
        <File uid="5" fullPath="C:\Users\Kyle\Documents\GitHub\kwsqa-2015-09\CsvToJsonConverter\CsvToJsonConverter\User.cs" />
      </Files>
      <Classes>
        <Class>
          <Summary numSequencePoints="0" visitedSequencePoints="0" numBranchPoints="0" visitedBranchPoints="0" sequenceCoverage="0" branchCoverage="0" maxCyclomaticComplexity="0" minCyclomaticComplexity="0" visitedClasses="0" numClasses="0" visitedMethods="0" numMethods="0" />
          <FullName>&lt;Module&gt;</FullName>
          <Methods />
        </Class>
        <Class>
          <Summary numSequencePoints="26" visitedSequencePoints="24" numBranchPoints="12" visitedBranchPoints="9" sequenceCoverage="92.31" branchCoverage="75" maxCyclomaticComplexity="6" minCyclomaticComplexity="2" visitedClasses="1" numClasses="1" visitedMethods="2" numMethods="2" />
          <FullName>CsvToJsonConverter.CsvReader</FullName>
          <Methods>
            <Method visited="true" cyclomaticComplexity="2" sequenceCoverage="100" branchCoverage="66.67" isConstructor="true" isStatic="false" isGetter="false" isSetter="false">
              <Summary numSequencePoints="6" visitedSequencePoints="6" numBranchPoints="3" visitedBranchPoints="2" sequenceCoverage="100" branchCoverage="66.67" maxCyclomaticComplexity="2" minCyclomaticComplexity="2" visitedClasses="0" numClasses="0" visitedMethods="1" numMethods="1" />
              <MetadataToken>100663297</MetadataToken>
              <Name>System.Void CsvToJsonConverter.CsvReader::.ctor(System.String)</Name>
              <FileRef uid="3" />
              <SequencePoints>
                <SequencePoint vc="1" uspid="8" ordinal="0" offset="0" sl="8" sc="9" el="8" ec="37" bec="0" bev="0" fileid="3" />
                <SequencePoint vc="1" uspid="9" ordinal="1" offset="7" sl="11" sc="9" el="11" ec="38" bec="0" bev="0" fileid="3" />
                <SequencePoint vc="1" uspid="10" ordinal="2" offset="14" sl="12" sc="9" el="12" ec="10" bec="0" bev="0" fileid="3" />
                <SequencePoint vc="1" uspid="11" ordinal="3" offset="15" sl="13" sc="13" el="13" ec="35" bec="2" bev="1" fileid="3" />
                <SequencePoint vc="1" uspid="12" ordinal="4" offset="25" sl="13" sc="36" el="13" ec="49" bec="0" bev="0" fileid="3" />
                <SequencePoint vc="1" uspid="13" ordinal="5" offset="32" sl="14" sc="9" el="14" ec="10" bec="0" bev="0" fileid="3" />
              </SequencePoints>
              <BranchPoints>
                <BranchPoint vc="1" uspid="14" ordinal="0" offset="23" sl="13" path="0" offsetend="25" fileid="3" />
                <BranchPoint vc="0" uspid="15" ordinal="1" offset="23" sl="13" path="1" offsetend="32" fileid="3" />
              </BranchPoints>
              <MethodPoint xsi:type="SequencePoint" vc="1" uspid="8" ordinal="0" offset="0" sl="8" sc="9" el="8" ec="37" bec="0" bev="0" fileid="3" />
            </Method>
            <Method visited="true" cyclomaticComplexity="6" sequenceCoverage="90" branchCoverage="77.78" isConstructor="false" isStatic="false" isGetter="false" isSetter="false">
              <Summary numSequencePoints="20" visitedSequencePoints="18" numBranchPoints="9" visitedBranchPoints="7" sequenceCoverage="90" branchCoverage="77.78" maxCyclomaticComplexity="6" minCyclomaticComplexity="6" visitedClasses="0" numClasses="0" visitedMethods="1" numMethods="1" />
              <MetadataToken>100663298</MetadataToken>
              <Name>System.Collections.Generic.List`1&lt;CsvToJsonConverter.User&gt; CsvToJsonConverter.CsvReader::LoadUsers()</Name>
              <FileRef uid="3" />
              <SequencePoints>
                <SequencePoint vc="1" uspid="16" ordinal="0" offset="0" sl="17" sc="9" el="17" ec="10" bec="0" bev="0" fileid="3" />
                <SequencePoint vc="1" uspid="17" ordinal="1" offset="1" sl="18" sc="13" el="18" ec="31" bec="2" bev="1" fileid="3" />
                <SequencePoint vc="0" uspid="18" ordinal="2" offset="14" sl="18" sc="32" el="18" ec="44" bec="0" bev="0" fileid="3" />
                <SequencePoint vc="1" uspid="19" ordinal="3" offset="21" sl="20" sc="13" el="20" ec="49" bec="0" bev="0" fileid="3" />
                <SequencePoint vc="1" uspid="20" ordinal="4" offset="27" sl="22" sc="20" el="22" ec="65" bec="0" bev="0" fileid="3" />
                <SequencePoint vc="1" uspid="21" ordinal="5" offset="39" sl="23" sc="13" el="23" ec="14" bec="0" bev="0" fileid="3" />
                <SequencePoint vc="1" uspid="22" ordinal="6" offset="40" sl="24" sc="17" el="24" ec="36" bec="0" bev="0" fileid="3" />
                <SequencePoint vc="3" uspid="23" ordinal="7" offset="48" sl="25" sc="60" el="25" ec="61" bec="0" bev="0" fileid="3" />
                <SequencePoint vc="3" uspid="24" ordinal="8" offset="49" sl="26" sc="21" el="26" ec="46" bec="2" bev="2" fileid="3" />
                <SequencePoint vc="1" uspid="25" ordinal="9" offset="67" sl="26" sc="47" el="26" ec="56" bec="0" bev="0" fileid="3" />
                <SequencePoint vc="2" uspid="26" ordinal="10" offset="69" sl="28" sc="21" el="28" ec="57" bec="0" bev="0" fileid="3" />
                <SequencePoint vc="2" uspid="27" ordinal="11" offset="89" sl="29" sc="21" el="29" ec="61" bec="2" bev="1" fileid="3" />
                <SequencePoint vc="0" uspid="28" ordinal="12" offset="105" sl="29" sc="62" el="29" ec="71" bec="0" bev="0" fileid="3" />
                <SequencePoint vc="2" uspid="29" ordinal="13" offset="107" sl="30" sc="21" el="36" ec="23" bec="0" bev="0" fileid="3" />
                <SequencePoint vc="2" uspid="30" ordinal="14" offset="166" sl="37" sc="21" el="37" ec="40" bec="0" bev="0" fileid="3" />
                <SequencePoint vc="2" uspid="31" ordinal="15" offset="175" sl="38" sc="17" el="38" ec="18" bec="0" bev="0" fileid="3" />
                <SequencePoint vc="4" uspid="32" ordinal="16" offset="176" sl="25" sc="17" el="25" ec="59" bec="2" bev="2" fileid="3" />
                <SequencePoint vc="1" uspid="33" ordinal="17" offset="197" sl="39" sc="13" el="39" ec="14" bec="0" bev="0" fileid="3" />
                <SequencePoint vc="1" uspid="34" ordinal="18" offset="211" sl="41" sc="13" el="41" ec="26" bec="0" bev="0" fileid="3" />
                <SequencePoint vc="1" uspid="35" ordinal="19" offset="215" sl="42" sc="9" el="42" ec="10" bec="0" bev="0" fileid="3" />
              </SequencePoints>
              <BranchPoints>
                <BranchPoint vc="0" uspid="36" ordinal="0" offset="12" sl="18" path="0" offsetend="14" fileid="3" />
                <BranchPoint vc="1" uspid="37" ordinal="1" offset="12" sl="18" path="1" offsetend="21" fileid="3" />
                <BranchPoint vc="1" uspid="38" ordinal="2" offset="65" sl="26" path="0" offsetchain="67" offsetend="176" fileid="3" />
                <BranchPoint vc="2" uspid="39" ordinal="3" offset="65" sl="26" path="1" offsetend="69" fileid="3" />
                <BranchPoint vc="0" uspid="40" ordinal="4" offset="103" sl="29" path="0" offsetchain="105" offsetend="176" fileid="3" />
                <BranchPoint vc="2" uspid="41" ordinal="5" offset="103" sl="29" path="1" offsetend="107" fileid="3" />
                <BranchPoint vc="1" uspid="42" ordinal="6" offset="192" sl="25" path="0" offsetend="197" fileid="3" />
                <BranchPoint vc="3" uspid="43" ordinal="7" offset="192" sl="25" path="1" offsetend="48" fileid="3" />
              </BranchPoints>
              <MethodPoint xsi:type="SequencePoint" vc="1" uspid="16" ordinal="0" offset="0" sl="17" sc="9" el="17" ec="10" bec="0" bev="0" fileid="3" />
            </Method>
          </Methods>
        </Class>
        <Class>
          <Summary numSequencePoints="13" visitedSequencePoints="0" numBranchPoints="3" visitedBranchPoints="0" sequenceCoverage="0" branchCoverage="0" maxCyclomaticComplexity="2" minCyclomaticComplexity="1" visitedClasses="0" numClasses="1" visitedMethods="0" numMethods="1" />
          <FullName>CsvToJsonConverter.Program</FullName>
          <Methods>
            <Method visited="false" cyclomaticComplexity="2" sequenceCoverage="0" branchCoverage="0" isConstructor="false" isStatic="true" isGetter="false" isSetter="false">
              <Summary numSequencePoints="13" visitedSequencePoints="0" numBranchPoints="3" visitedBranchPoints="0" sequenceCoverage="0" branchCoverage="0" maxCyclomaticComplexity="2" minCyclomaticComplexity="2" visitedClasses="0" numClasses="0" visitedMethods="0" numMethods="1" />
              <MetadataToken>100663299</MetadataToken>
              <Name>System.Void CsvToJsonConverter.Program::Main(System.String[])</Name>
              <FileRef uid="4" />
              <SequencePoints>
                <SequencePoint vc="0" uspid="44" ordinal="0" offset="0" sl="11" sc="9" el="11" ec="10" bec="0" bev="0" fileid="4" />
                <SequencePoint vc="0" uspid="45" ordinal="1" offset="1" sl="12" sc="13" el="12" ec="89" bec="0" bev="0" fileid="4" />
                <SequencePoint vc="0" uspid="46" ordinal="2" offset="17" sl="13" sc="13" el="13" ec="55" bec="0" bev="0" fileid="4" />
                <SequencePoint vc="0" uspid="47" ordinal="3" offset="24" sl="14" sc="13" el="14" ec="51" bec="0" bev="0" fileid="4" />
                <SequencePoint vc="0" uspid="48" ordinal="4" offset="31" sl="16" sc="13" el="16" ec="20" bec="0" bev="0" fileid="4" />
                <SequencePoint vc="0" uspid="49" ordinal="5" offset="32" sl="16" sc="34" el="16" ec="39" bec="0" bev="0" fileid="4" />
                <SequencePoint vc="0" uspid="50" ordinal="6" offset="41" sl="16" sc="21" el="16" ec="30" bec="0" bev="0" fileid="4" />
                <SequencePoint vc="0" uspid="51" ordinal="7" offset="50" sl="17" sc="13" el="17" ec="14" bec="0" bev="0" fileid="4" />
                <SequencePoint vc="0" uspid="52" ordinal="8" offset="51" sl="18" sc="17" el="18" ec="69" bec="0" bev="0" fileid="4" />
                <SequencePoint vc="0" uspid="53" ordinal="9" offset="60" sl="19" sc="17" el="19" ec="68" bec="0" bev="0" fileid="4" />
                <SequencePoint vc="0" uspid="54" ordinal="10" offset="73" sl="20" sc="13" el="20" ec="14" bec="0" bev="0" fileid="4" />
                <SequencePoint vc="0" uspid="55" ordinal="11" offset="74" sl="16" sc="31" el="16" ec="33" bec="2" bev="0" fileid="4" />
                <SequencePoint vc="0" uspid="56" ordinal="12" offset="100" sl="21" sc="9" el="21" ec="10" bec="0" bev="0" fileid="4" />
              </SequencePoints>
              <BranchPoints>
                <BranchPoint vc="0" uspid="57" ordinal="0" offset="81" sl="16" path="0" offsetend="83" fileid="4" />
                <BranchPoint vc="0" uspid="58" ordinal="1" offset="81" sl="16" path="1" offsetend="41" fileid="4" />
              </BranchPoints>
              <MethodPoint xsi:type="SequencePoint" vc="0" uspid="44" ordinal="0" offset="0" sl="11" sc="9" el="11" ec="10" bec="0" bev="0" fileid="4" />
            </Method>
            <Method visited="false" cyclomaticComplexity="1" sequenceCoverage="0" branchCoverage="0" isConstructor="true" isStatic="false" isGetter="false" isSetter="false">
              <Summary numSequencePoints="0" visitedSequencePoints="0" numBranchPoints="0" visitedBranchPoints="0" sequenceCoverage="0" branchCoverage="0" maxCyclomaticComplexity="1" minCyclomaticComplexity="1" visitedClasses="0" numClasses="0" visitedMethods="0" numMethods="0" />
              <MetadataToken>100663300</MetadataToken>
              <Name>System.Void CsvToJsonConverter.Program::.ctor()</Name>
              <SequencePoints />
              <BranchPoints />
              <MethodPoint vc="0" uspid="59" ordinal="0" offset="0" />
            </Method>
          </Methods>
        </Class>
        <Class>
          <Summary numSequencePoints="8" visitedSequencePoints="4" numBranchPoints="8" visitedBranchPoints="4" sequenceCoverage="50" branchCoverage="50" maxCyclomaticComplexity="1" minCyclomaticComplexity="1" visitedClasses="1" numClasses="1" visitedMethods="4" numMethods="8" />
          <FullName>CsvToJsonConverter.User</FullName>
          <Methods>
            <Method visited="false" cyclomaticComplexity="1" sequenceCoverage="0" branchCoverage="0" isConstructor="false" isStatic="false" isGetter="true" isSetter="false">
              <Summary numSequencePoints="1" visitedSequencePoints="0" numBranchPoints="1" visitedBranchPoints="0" sequenceCoverage="0" branchCoverage="0" maxCyclomaticComplexity="1" minCyclomaticComplexity="1" visitedClasses="0" numClasses="0" visitedMethods="0" numMethods="1" />
              <MetadataToken>100663301</MetadataToken>
              <Name>System.String CsvToJsonConverter.User::get_Username()</Name>
              <FileRef uid="5" />
              <SequencePoints>
                <SequencePoint vc="0" uspid="60" ordinal="0" offset="0" sl="5" sc="34" el="5" ec="38" bec="0" bev="0" fileid="5" />
              </SequencePoints>
              <BranchPoints />
              <MethodPoint xsi:type="SequencePoint" vc="0" uspid="60" ordinal="0" offset="0" sl="5" sc="34" el="5" ec="38" bec="0" bev="0" fileid="5" />
            </Method>
            <Method visited="true" cyclomaticComplexity="1" sequenceCoverage="100" branchCoverage="100" isConstructor="false" isStatic="false" isGetter="false" isSetter="true">
              <Summary numSequencePoints="1" visitedSequencePoints="1" numBranchPoints="1" visitedBranchPoints="1" sequenceCoverage="100" branchCoverage="100" maxCyclomaticComplexity="1" minCyclomaticComplexity="1" visitedClasses="0" numClasses="0" visitedMethods="1" numMethods="1" />
              <MetadataToken>100663302</MetadataToken>
              <Name>System.Void CsvToJsonConverter.User::set_Username(System.String)</Name>
              <FileRef uid="5" />
              <SequencePoints>
                <SequencePoint vc="2" uspid="61" ordinal="0" offset="0" sl="5" sc="39" el="5" ec="43" bec="0" bev="0" fileid="5" />
              </SequencePoints>
              <BranchPoints />
              <MethodPoint xsi:type="SequencePoint" vc="2" uspid="61" ordinal="0" offset="0" sl="5" sc="39" el="5" ec="43" bec="0" bev="0" fileid="5" />
            </Method>
            <Method visited="false" cyclomaticComplexity="1" sequenceCoverage="0" branchCoverage="0" isConstructor="false" isStatic="false" isGetter="true" isSetter="false">
              <Summary numSequencePoints="1" visitedSequencePoints="0" numBranchPoints="1" visitedBranchPoints="0" sequenceCoverage="0" branchCoverage="0" maxCyclomaticComplexity="1" minCyclomaticComplexity="1" visitedClasses="0" numClasses="0" visitedMethods="0" numMethods="1" />
              <MetadataToken>100663303</MetadataToken>
              <Name>System.String CsvToJsonConverter.User::get_FirstName()</Name>
              <FileRef uid="5" />
              <SequencePoints>
                <SequencePoint vc="0" uspid="62" ordinal="0" offset="0" sl="7" sc="35" el="7" ec="39" bec="0" bev="0" fileid="5" />
              </SequencePoints>
              <BranchPoints />
              <MethodPoint xsi:type="SequencePoint" vc="0" uspid="62" ordinal="0" offset="0" sl="7" sc="35" el="7" ec="39" bec="0" bev="0" fileid="5" />
            </Method>
            <Method visited="true" cyclomaticComplexity="1" sequenceCoverage="100" branchCoverage="100" isConstructor="false" isStatic="false" isGetter="false" isSetter="true">
              <Summary numSequencePoints="1" visitedSequencePoints="1" numBranchPoints="1" visitedBranchPoints="1" sequenceCoverage="100" branchCoverage="100" maxCyclomaticComplexity="1" minCyclomaticComplexity="1" visitedClasses="0" numClasses="0" visitedMethods="1" numMethods="1" />
              <MetadataToken>100663304</MetadataToken>
              <Name>System.Void CsvToJsonConverter.User::set_FirstName(System.String)</Name>
              <FileRef uid="5" />
              <SequencePoints>
                <SequencePoint vc="2" uspid="63" ordinal="0" offset="0" sl="7" sc="40" el="7" ec="44" bec="0" bev="0" fileid="5" />
              </SequencePoints>
              <BranchPoints />
              <MethodPoint xsi:type="SequencePoint" vc="2" uspid="63" ordinal="0" offset="0" sl="7" sc="40" el="7" ec="44" bec="0" bev="0" fileid="5" />
            </Method>
            <Method visited="false" cyclomaticComplexity="1" sequenceCoverage="0" branchCoverage="0" isConstructor="false" isStatic="false" isGetter="true" isSetter="false">
              <Summary numSequencePoints="1" visitedSequencePoints="0" numBranchPoints="1" visitedBranchPoints="0" sequenceCoverage="0" branchCoverage="0" maxCyclomaticComplexity="1" minCyclomaticComplexity="1" visitedClasses="0" numClasses="0" visitedMethods="0" numMethods="1" />
              <MetadataToken>100663305</MetadataToken>
              <Name>System.String CsvToJsonConverter.User::get_LastName()</Name>
              <FileRef uid="5" />
              <SequencePoints>
                <SequencePoint vc="0" uspid="64" ordinal="0" offset="0" sl="9" sc="34" el="9" ec="38" bec="0" bev="0" fileid="5" />
              </SequencePoints>
              <BranchPoints />
              <MethodPoint xsi:type="SequencePoint" vc="0" uspid="64" ordinal="0" offset="0" sl="9" sc="34" el="9" ec="38" bec="0" bev="0" fileid="5" />
            </Method>
            <Method visited="true" cyclomaticComplexity="1" sequenceCoverage="100" branchCoverage="100" isConstructor="false" isStatic="false" isGetter="false" isSetter="true">
              <Summary numSequencePoints="1" visitedSequencePoints="1" numBranchPoints="1" visitedBranchPoints="1" sequenceCoverage="100" branchCoverage="100" maxCyclomaticComplexity="1" minCyclomaticComplexity="1" visitedClasses="0" numClasses="0" visitedMethods="1" numMethods="1" />
              <MetadataToken>100663306</MetadataToken>
              <Name>System.Void CsvToJsonConverter.User::set_LastName(System.String)</Name>
              <FileRef uid="5" />
              <SequencePoints>
                <SequencePoint vc="2" uspid="65" ordinal="0" offset="0" sl="9" sc="39" el="9" ec="43" bec="0" bev="0" fileid="5" />
              </SequencePoints>
              <BranchPoints />
              <MethodPoint xsi:type="SequencePoint" vc="2" uspid="65" ordinal="0" offset="0" sl="9" sc="39" el="9" ec="43" bec="0" bev="0" fileid="5" />
            </Method>
            <Method visited="false" cyclomaticComplexity="1" sequenceCoverage="0" branchCoverage="0" isConstructor="false" isStatic="false" isGetter="true" isSetter="false">
              <Summary numSequencePoints="1" visitedSequencePoints="0" numBranchPoints="1" visitedBranchPoints="0" sequenceCoverage="0" branchCoverage="0" maxCyclomaticComplexity="1" minCyclomaticComplexity="1" visitedClasses="0" numClasses="0" visitedMethods="0" numMethods="1" />
              <MetadataToken>100663307</MetadataToken>
              <Name>System.String CsvToJsonConverter.User::get_Password()</Name>
              <FileRef uid="5" />
              <SequencePoints>
                <SequencePoint vc="0" uspid="66" ordinal="0" offset="0" sl="11" sc="34" el="11" ec="38" bec="0" bev="0" fileid="5" />
              </SequencePoints>
              <BranchPoints />
              <MethodPoint xsi:type="SequencePoint" vc="0" uspid="66" ordinal="0" offset="0" sl="11" sc="34" el="11" ec="38" bec="0" bev="0" fileid="5" />
            </Method>
            <Method visited="true" cyclomaticComplexity="1" sequenceCoverage="100" branchCoverage="100" isConstructor="false" isStatic="false" isGetter="false" isSetter="true">
              <Summary numSequencePoints="1" visitedSequencePoints="1" numBranchPoints="1" visitedBranchPoints="1" sequenceCoverage="100" branchCoverage="100" maxCyclomaticComplexity="1" minCyclomaticComplexity="1" visitedClasses="0" numClasses="0" visitedMethods="1" numMethods="1" />
              <MetadataToken>100663308</MetadataToken>
              <Name>System.Void CsvToJsonConverter.User::set_Password(System.String)</Name>
              <FileRef uid="5" />
              <SequencePoints>
                <SequencePoint vc="2" uspid="67" ordinal="0" offset="0" sl="11" sc="39" el="11" ec="43" bec="0" bev="0" fileid="5" />
              </SequencePoints>
              <BranchPoints />
              <MethodPoint xsi:type="SequencePoint" vc="2" uspid="67" ordinal="0" offset="0" sl="11" sc="39" el="11" ec="43" bec="0" bev="0" fileid="5" />
            </Method>
            <Method visited="true" cyclomaticComplexity="1" sequenceCoverage="0" branchCoverage="0" isConstructor="true" isStatic="false" isGetter="false" isSetter="false">
              <Summary numSequencePoints="0" visitedSequencePoints="0" numBranchPoints="0" visitedBranchPoints="0" sequenceCoverage="0" branchCoverage="0" maxCyclomaticComplexity="1" minCyclomaticComplexity="1" visitedClasses="0" numClasses="0" visitedMethods="0" numMethods="0" />
              <MetadataToken>100663309</MetadataToken>
              <Name>System.Void CsvToJsonConverter.User::.ctor()</Name>
              <SequencePoints />
              <BranchPoints />
              <MethodPoint vc="2" uspid="68" ordinal="0" offset="0" />
            </Method>
          </Methods>
        </Class>
      </Classes>
    </Module>
  </Modules>
</CoverageSession>